==============================================================================================================
[../../train_test_data/benign_1_min/node-1-child-3/csv files/node1_http.csv]
Avg time between transactions (ms):  121876.95933878422
Stddev time between transactions (ms):  144782.54403679442
stddev/mean 1.187940237615701

HTTP average transaction depth: 3.0
HTTP transaction depth stddev: 2.979093821953246
stddev/avg: 0.9930312739844154
HTTP known hosts: 
{
    "connectivity-check.ubuntu.com": 0.42424242424242425,
    "us.archive.ubuntu.com": 0.3333333333333333,
    "security.ubuntu.com": 0.15151515151515152,
    "packages.ros.org": 0.06060606060606061,
    "archive.lambdalabs.com": 0.030303030303030304
}
HTTP known URIs: 
{
    "/": 0.42424242424242425,
    "/ros2/ubuntu/dists/jammy/InRelease": 0.06060606060606061,
    "/ubuntu/dists/jammy/InRelease": 0.06060606060606061,
    "/ubuntu/dists/jammy-backports/universe/dep11/by-hash/SHA256/a4eee4fbcd799c1b119bd507e2677f790468712d8cc354a10b7831c9278ff0a6": 0.030303030303030304,
    "/ubuntu/dists/jammy-security/universe/dep11/by-hash/SHA256/814ada387995b70b508e5ec03412dd5c1a0dba55922aa7d7ad313d6dfaac1309": 0.030303030303030304,
    "/ubuntu/dists/jammy-security/restricted/dep11/by-hash/SHA256/56b845d87b54f87e0148864043997e72abec99f0109b93e397ba60a41a74b8cf": 0.030303030303030304,
    "/ubuntu/dists/jammy-updates/restricted/dep11/by-hash/SHA256/7f66e63d07e186ab03c561db733d634dd8fce4c1d316cd220e808aa564552fd1": 0.030303030303030304,
    "/ubuntu/dists/jammy-updates/main/dep11/by-hash/SHA256/86c8dd92961f696bc60c0a1a615d0402dd248904004b10e11c7303c2c4320a0a": 0.030303030303030304,
    "/ubuntu/dists/jammy-updates/InRelease": 0.030303030303030304,
    "/ubuntu/dists/jammy-backports/multiverse/dep11/by-hash/SHA256/9ae1075f82ff1fc8504653c1b069eadfa3857bec455d089842d65eed54929c57": 0.030303030303030304,
    "/ubuntu/dists/jammy-updates/universe/dep11/by-hash/SHA256/d2853c35e02ad4e80061163bb96484d19d1a357e8b5ede91422606958031c2e2": 0.030303030303030304,
    "/ubuntu/dists/jammy-updates/multiverse/dep11/by-hash/SHA256/618283d3d425e54bee3fabe433f281a59c48b5ff06536a269407b4f2e9ca6c24": 0.030303030303030304,
    "/ubuntu/dists/jammy-backports/InRelease": 0.030303030303030304,
    "/ubuntu/dists/jammy-backports/main/dep11/by-hash/SHA256/c05d8d1cd07d7c0b51edc2213d55030ba09691ad54ab875dc6d2be005ad68c06": 0.030303030303030304,
    "/ubuntu/dists/jammy-backports/restricted/dep11/by-hash/SHA256/17a082d28050251d6ff4a3629b658b862121d4dc642bbb51c3e99eb26fde6e62": 0.030303030303030304,
    "/ubuntu/dists/jammy-security/main/dep11/by-hash/SHA256/cc6ec44b6d2c28e6a25252a37e90d5db462d073fad7b3dbd1f279a118bf7bf3b": 0.030303030303030304,
    "/ubuntu/dists/jammy-security/InRelease": 0.030303030303030304,
    "/ubuntu/dists/jammy-security/multiverse/dep11/by-hash/SHA256/96fdcc4067315fa976e77a7f3710c09ba2e3c57ce6cfe03d79adff421d103350": 0.030303030303030304
}
HTTP known user agents: 
{
    "Debian APT-HTTP/1.3 (2.4.14) non-interactive": 1.0
}
************************************************************************************************************
[../../train_test_data/benign_1_min/node-2-child-4/csv files/node2_http.csv]
Avg time between transactions (ms):  35187.05978937317
Stddev time between transactions (ms):  94911.29250684773
stddev/mean 2.697335130442239

HTTP average transaction depth: 16.965217391304346
HTTP transaction depth stddev: 13.881661786095876
stddev/avg: 0.818242493798578
HTTP known hosts: 
{
    "deb.debian.org": 0.875,
    "connectivity-check.ubuntu.com": 0.125
}
HTTP known URIs: 
{
    "/": 0.125,
    "/debian/dists/trixie/InRelease": 0.017857142857142856,
    "/debian/pool/main/f/fstrm/libfstrm0_0.6.1-1+b3_amd64.deb": 0.017857142857142856,
    "/debian/pool/main/j/json-c/libjson-c5_0.18+ds-1_amd64.deb": 0.017857142857142856,
    "/debian/pool/main/n/nghttp3/libnghttp3-9_1.8.0-1_amd64.deb": 0.017857142857142856,
    "/debian/pool/main/k/krb5/libkrb5support0_1.21.3-5_amd64.deb": 0.017857142857142856,
    "/debian/pool/main/k/keyutils/libkeyutils1_1.6.3-6_amd64.deb": 0.017857142857142856,
    "/debian/pool/main/libx/libxml2/libxml2_2.12.7+dfsg+really2.9.14-2.1+deb13u1_amd64.deb": 0.017857142857142856,
    "/debian/pool/main/i/iputils/iputils-ping_20240905-3_amd64.deb": 0.017857142857142856,
    "/debian/pool/main/p/protobuf-c/libprotobuf-c1_1.5.1-1_amd64.deb": 0.017857142857142856,
    "/debian/pool/main/c/curl/curl_8.14.1-2_amd64.deb": 0.017857142857142856,
    "/debian/pool/main/k/krb5/libk5crypto3_1.21.3-5_amd64.deb": 0.017857142857142856,
    "/debian/pool/main/o/openldap/libldap2_2.6.10+dfsg-1_amd64.deb": 0.017857142857142856,
    "/debian/pool/main/l/lmdb/liblmdb0_0.9.31-1+b2_amd64.deb": 0.017857142857142856,
    "/debian/pool/main/e/e2fsprogs/libcom-err2_1.47.2-3+b3_amd64.deb": 0.017857142857142856,
    "/debian/pool/main/r/rtmpdump/librtmp1_2.4+20151223.gitfa8646d.1-2+b5_amd64.deb": 0.017857142857142856,
    "/debian/pool/main/libs/libssh2/libssh2-1t64_1.11.1-1_amd64.deb": 0.017857142857142856,
    "/debian/pool/main/b/bind9/bind9-dnsutils_9.20.11-4_amd64.deb": 0.017857142857142856,
    "/debian/pool/main/libu/liburcu/liburcu8t64_0.15.2-2_amd64.deb": 0.017857142857142856,
    "/debian/pool/main/k/krb5/libkrb5-3_1.21.3-5_amd64.deb": 0.017857142857142856,
    "/debian/dists/trixie-updates/InRelease": 0.017857142857142856,
    "/debian-security/dists/trixie-security/main/binary-amd64/by-hash/SHA256/f3b74472bfbf7e71bff60f495f64aa90958dff341ed13fcf410bb1e851d731da": 0.017857142857142856,
    "/debian/dists/trixie-updates/main/binary-amd64/by-hash/SHA256/a90c615796a5df83d3c8db4fce17b355a4bd41a97ac8e12649ca96faccbe6cab": 0.017857142857142856,
    "/debian-security/dists/trixie-security/InRelease": 0.017857142857142856,
    "/debian/pool/main/c/curl/libcurl4t64_8.14.1-2_amd64.deb": 0.017857142857142856,
    "/debian/pool/main/o/openldap/libldap-common_2.6.10+dfsg-1_all.deb": 0.017857142857142856,
    "/debian/pool/main/k/krb5/krb5-locales_1.21.3-5_all.deb": 0.017857142857142856,
    "/debian/pool/main/b/brotli/libbrotli1_1.1.0-2+b7_amd64.deb": 0.017857142857142856,
    "/debian/pool/main/c/cyrus-sasl2/libsasl2-modules-db_2.1.28+dfsg1-9_amd64.deb": 0.017857142857142856,
    "/debian/pool/main/c/cyrus-sasl2/libsasl2-2_2.1.28+dfsg1-9_amd64.deb": 0.017857142857142856,
    "/debian/pool/main/libi/libidn2/libidn2-0_2.3.8-2_amd64.deb": 0.017857142857142856,
    "/debian/pool/main/b/bind9/bind9-host_9.20.11-4_amd64.deb": 0.017857142857142856,
    "/debian/pool/main/libm/libmaxminddb/libmaxminddb0_1.12.2-1_amd64.deb": 0.017857142857142856,
    "/debian/pool/main/p/p11-kit/libp11-kit0_0.25.5-3_amd64.deb": 0.017857142857142856,
    "/debian/pool/main/b/bind9/bind9-libs_9.20.11-4_amd64.deb": 0.017857142857142856,
    "/debian/pool/main/b/bash-completion/bash-completion_2.16.0-7_all.deb": 0.017857142857142856,
    "/debian/pool/main/k/krb5/libgssapi-krb5-2_1.21.3-5_amd64.deb": 0.017857142857142856,
    "/debian/pool/main/n/nghttp2/libnghttp2-14_1.64.0-1.1_amd64.deb": 0.017857142857142856,
    "/debian/pool/main/libu/libunistring/libunistring5_1.3-2_amd64.deb": 0.017857142857142856,
    "/debian/pool/main/n/netcat-openbsd/netcat-openbsd_1.229-1_amd64.deb": 0.017857142857142856,
    "/debian/pool/main/j/jemalloc/libjemalloc2_5.3.0-3_amd64.deb": 0.017857142857142856,
    "/debian/pool/main/libu/libuv1/libuv1t64_1.50.0-2_amd64.deb": 0.017857142857142856,
    "/debian/pool/main/libt/libtasn1-6/libtasn1-6_4.20.0-2_amd64.deb": 0.017857142857142856,
    "/debian/pool/main/c/cyrus-sasl2/libsasl2-modules_2.1.28+dfsg1-9_amd64.deb": 0.017857142857142856,
    "/debian/pool/main/p/publicsuffix/publicsuffix_20250328.1952-0.1_all.deb": 0.017857142857142856,
    "/debian/pool/main/libp/libpsl/libpsl5t64_0.21.2-1.1+b1_amd64.deb": 0.017857142857142856,
    "/debian/pool/main/g/gnutls28/libgnutls30t64_3.8.9-3_amd64.deb": 0.017857142857142856,
    "/debian/pool/main/libe/libedit/libedit2_3.1-20250104-1_amd64.deb": 0.017857142857142856,
    "/debian/pool/main/l/linux-base/linux-sysctl-defaults_4.12_all.deb": 0.017857142857142856,
    "/debian/dists/trixie/main/binary-amd64/by-hash/SHA256/050a55979081f6f34de6cdba5fbbcda11ff47309596471bfb777d1c7e83f1d45": 0.017857142857142856
}
HTTP known user agents: 
{
    "Debian APT-HTTP/1.3 (3.0.3)": 1.0
}
