****************************************************************************************************
../benign_1_min/Node 1 (Child 3)/csv files/node1_conn.csv
                  ts     duration  ...  resp_pkts  resp_ip_bytes
0       1.757873e+09          NaN  ...          0              0
1       1.757873e+09          NaN  ...          0              0
2       1.757873e+09          NaN  ...          0              0
3       1.757873e+09          NaN  ...          0              0
4       1.757873e+09          NaN  ...          0              0
...              ...          ...  ...        ...            ...
111531  1.757873e+09  4140.058145  ...        715         445970
111532  1.757877e+09          NaN  ...          0              0
111533  1.757873e+09  4140.774345  ...        501          34618
111534  1.757877e+09          NaN  ...          0              0
111535  1.757873e+09  4139.283820  ...       1367         326783

[111536 rows x 8 columns]
                     ts  duration  ...  resp_pkts  resp_ip_bytes
ts             1.000000 -0.063386  ...  -0.005240      -0.005756
duration      -0.063386  1.000000  ...   0.272521       0.294349
orig_bytes    -0.016889  0.265960  ...   0.999949       0.998629
resp_bytes    -0.029116  0.365401  ...   0.231405       0.271210
orig_pkts     -0.006822  0.345279  ...   0.993705       0.995145
orig_ip_bytes -0.005404  0.280616  ...   0.999745       0.998898
resp_pkts     -0.005240  0.272521  ...   1.000000       0.998951
resp_ip_bytes -0.005756  0.294349  ...   0.998951       1.000000

[8 rows x 8 columns]
****************************************************************************************************

****************************************************************************************************
../benign_1_min/Node 1 (Child 3)/csv files/node1_dns.csv
                ts       rtt  qtype  rcode
0     1.757873e+09  0.000884    1.0    0.0
1     1.757873e+09  0.000967   28.0    0.0
2     1.757873e+09  0.002923    1.0    0.0
3     1.757873e+09  0.005636   28.0    0.0
4     1.757873e+09       NaN    1.0    NaN
...            ...       ...    ...    ...
1717  1.757877e+09  0.005770    1.0    0.0
1718  1.757877e+09  0.013686   65.0    0.0
1719  1.757877e+09       NaN   65.0    0.0
1720  1.757877e+09  0.010669    1.0    0.0
1721  1.757877e+09  0.010624   28.0    0.0

[1722 rows x 4 columns]
             ts       rtt     qtype     rcode
ts     1.000000  0.024334  0.353416 -0.076961
rtt    0.024334  1.000000  0.238894       NaN
qtype  0.353416  0.238894  1.000000  0.025289
rcode -0.076961       NaN  0.025289  1.000000
****************************************************************************************************

****************************************************************************************************
../benign_1_min/Node 1 (Child 3)/csv files/node1_http.csv
              ts  referrer  ...  resp_filenames  trans_depth
0   1.757873e+09       NaN  ...             NaN            1
1   1.757873e+09       NaN  ...             NaN            1
2   1.757874e+09       NaN  ...             NaN            1
3   1.757874e+09       NaN  ...             NaN            1
4   1.757874e+09       NaN  ...             NaN            1
5   1.757874e+09       NaN  ...             NaN            1
6   1.757874e+09       NaN  ...             NaN            2
7   1.757874e+09       NaN  ...             NaN            1
8   1.757874e+09       NaN  ...             NaN            2
9   1.757874e+09       NaN  ...             NaN            9
10  1.757874e+09       NaN  ...             NaN            8
11  1.757874e+09       NaN  ...             NaN            3
12  1.757874e+09       NaN  ...             NaN            7
13  1.757874e+09       NaN  ...             NaN            6
14  1.757874e+09       NaN  ...             NaN           10
15  1.757874e+09       NaN  ...             NaN           11
16  1.757874e+09       NaN  ...             NaN            2
17  1.757874e+09       NaN  ...             NaN            4
18  1.757874e+09       NaN  ...             NaN            5
19  1.757874e+09       NaN  ...             NaN            3
20  1.757874e+09       NaN  ...             NaN            4
21  1.757874e+09       NaN  ...             NaN            5
22  1.757874e+09       NaN  ...             NaN            1
23  1.757874e+09       NaN  ...             NaN            1
24  1.757875e+09       NaN  ...             NaN            1
25  1.757875e+09       NaN  ...             NaN            1
26  1.757875e+09       NaN  ...             NaN            1
27  1.757875e+09       NaN  ...             NaN            1
28  1.757876e+09       NaN  ...             NaN            1
29  1.757876e+09       NaN  ...             NaN            1
30  1.757876e+09       NaN  ...             NaN            1
31  1.757877e+09       NaN  ...             NaN            1
32  1.757877e+09       NaN  ...             NaN            1

[33 rows x 9 columns]
                         ts  referrer  ...  resp_filenames  trans_depth
ts                 1.000000       NaN  ...             NaN    -0.349390
referrer                NaN       NaN  ...             NaN          NaN
request_body_len        NaN       NaN  ...             NaN          NaN
response_body_len -0.123622       NaN  ...             NaN    -0.138506
status_code       -0.271033       NaN  ...             NaN    -0.149864
orig_fuids              NaN       NaN  ...             NaN          NaN
orig_filenames          NaN       NaN  ...             NaN          NaN
resp_filenames          NaN       NaN  ...             NaN          NaN
trans_depth       -0.349390       NaN  ...             NaN     1.000000

[9 rows x 9 columns]
****************************************************************************************************

****************************************************************************************************
../benign_1_min/Node 1 (Child 3)/csv files/node1_ssl.csv
               ts
0    1.757873e+09
1    1.757873e+09
2    1.757873e+09
3    1.757873e+09
4    1.757873e+09
..            ...
136  1.757877e+09
137  1.757877e+09
138  1.757877e+09
139  1.757877e+09
140  1.757877e+09

[141 rows x 1 columns]
     ts
ts  1.0
****************************************************************************************************

****************************************************************************************************
../benign_1_min/Node 2 (Child 4)/csv files/node2_conn.csv
                 ts  duration  ...  resp_pkts  resp_ip_bytes
0      1.757873e+09       NaN  ...          0              0
1      1.757873e+09       NaN  ...          0              0
2      1.757873e+09       NaN  ...          0              0
3      1.757873e+09       NaN  ...          0              0
4      1.757873e+09       NaN  ...          0              0
...             ...       ...  ...        ...            ...
17512  1.757877e+09  0.226482  ...          2            152
17513  1.757877e+09  0.226386  ...          1             76
17514  1.757877e+09       NaN  ...          0              0
17515  1.757877e+09       NaN  ...          0              0
17516  1.757877e+09       NaN  ...          0              0

[17517 rows x 8 columns]
                     ts  duration  ...  resp_pkts  resp_ip_bytes
ts             1.000000  0.031483  ...  -0.037534      -0.024606
duration       0.031483  1.000000  ...   0.018061      -0.002778
orig_bytes    -0.010948  0.932724  ...   0.017497       0.016544
resp_bytes    -0.040897 -0.005006  ...   0.907388       0.912795
orig_pkts     -0.021876  0.208098  ...   0.620838       0.623233
orig_ip_bytes -0.020435  0.868681  ...   0.241390       0.239003
resp_pkts     -0.037534  0.018061  ...   1.000000       0.991095
resp_ip_bytes -0.024606 -0.002778  ...   0.991095       1.000000

[8 rows x 8 columns]
****************************************************************************************************

****************************************************************************************************
../benign_1_min/Node 2 (Child 4)/csv files/node2_dns.csv
                ts       rtt  qtype  rcode
0     1.757873e+09  0.003566   28.0    0.0
1     1.757873e+09  0.016648    1.0    0.0
2     1.757873e+09  0.003775   28.0    0.0
3     1.757873e+09  0.001735    1.0    0.0
4     1.757873e+09       NaN    NaN    3.0
...            ...       ...    ...    ...
1241  1.757877e+09  0.009192   28.0    0.0
1242  1.757877e+09  0.013471   28.0    0.0
1243  1.757877e+09  0.014171    1.0    0.0
1244  1.757877e+09  0.021941    1.0    0.0
1245  1.757877e+09  0.021897   28.0    0.0

[1246 rows x 4 columns]
             ts       rtt     qtype     rcode
ts     1.000000  0.454913 -0.002370 -0.199179
rtt    0.454913  1.000000 -0.004445       NaN
qtype -0.002370 -0.004445  1.000000       NaN
rcode -0.199179       NaN       NaN  1.000000
****************************************************************************************************

****************************************************************************************************
../benign_1_min/Node 2 (Child 4)/csv files/node2_http.csv
               ts  referrer  ...  resp_filenames  trans_depth
0    1.757873e+09       NaN  ...             NaN            1
1    1.757873e+09       NaN  ...             NaN            8
2    1.757873e+09       NaN  ...             NaN           28
3    1.757873e+09       NaN  ...             NaN           29
4    1.757873e+09       NaN  ...             NaN            2
..            ...       ...  ...             ...          ...
110  1.757876e+09       NaN  ...             NaN            1
111  1.757876e+09       NaN  ...             NaN            1
112  1.757876e+09       NaN  ...             NaN            1
113  1.757877e+09       NaN  ...             NaN            1
114  1.757877e+09       NaN  ...             NaN            1

[115 rows x 11 columns]
                         ts  referrer  ...  resp_filenames  trans_depth
ts                 1.000000       NaN  ...             NaN    -0.308847
referrer                NaN       NaN  ...             NaN          NaN
request_body_len        NaN       NaN  ...             NaN          NaN
response_body_len       NaN       NaN  ...             NaN          NaN
status_code        0.569821       NaN  ...             NaN          NaN
resp_mime_types         NaN       NaN  ...             NaN          NaN
resp_fuids              NaN       NaN  ...             NaN          NaN
orig_fuids              NaN       NaN  ...             NaN          NaN
orig_filenames          NaN       NaN  ...             NaN          NaN
resp_filenames          NaN       NaN  ...             NaN          NaN
trans_depth       -0.308847       NaN  ...             NaN     1.000000

[11 rows x 11 columns]
****************************************************************************************************

****************************************************************************************************
../benign_1_min/Node 2 (Child 4)/csv files/node2_ssl.csv
              ts
0   1.757873e+09
1   1.757873e+09
2   1.757873e+09
3   1.757874e+09
4   1.757874e+09
5   1.757874e+09
6   1.757874e+09
7   1.757874e+09
8   1.757874e+09
9   1.757874e+09
10  1.757875e+09
11  1.757875e+09
12  1.757875e+09
13  1.757875e+09
14  1.757875e+09
15  1.757876e+09
16  1.757876e+09
17  1.757877e+09
18  1.757877e+09
19  1.757877e+09
     ts
ts  1.0
****************************************************************************************************

****************************************************************************************************
../benign_1_min/Camera Pod/csv files/camera_conn.csv
               ts  duration  ...  resp_pkts  resp_ip_bytes
0    1.757873e+09       NaN  ...          0              0
1    1.757873e+09       NaN  ...          0              0
2    1.757873e+09  0.000004  ...          1             40
3    1.757873e+09       NaN  ...          0              0
4    1.757873e+09       NaN  ...          0              0
..            ...       ...  ...        ...            ...
106  1.757873e+09       NaN  ...          0              0
107  1.757873e+09       NaN  ...          0              0
108  1.757873e+09       NaN  ...          0              0
109  1.757873e+09       NaN  ...          0              0
110  1.757873e+09  0.000065  ...          1             52

[111 rows x 8 columns]
                     ts  duration  ...  resp_pkts  resp_ip_bytes
ts             1.000000       1.0  ...  -0.206923      -0.198258
duration       1.000000       1.0  ...        NaN       1.000000
orig_bytes          NaN       NaN  ...        NaN            NaN
resp_bytes          NaN       NaN  ...        NaN            NaN
orig_pkts           NaN       NaN  ...        NaN            NaN
orig_ip_bytes       NaN       NaN  ...        NaN            NaN
resp_pkts     -0.206923       NaN  ...   1.000000       0.991448
resp_ip_bytes -0.198258       1.0  ...   0.991448       1.000000

[8 rows x 8 columns]
****************************************************************************************************

****************************************************************************************************
../benign_1_min/LiDAR Pod/csv files/lidar_conn.csv
              ts  duration  orig_bytes  ...  orig_ip_bytes  resp_pkts  resp_ip_bytes
0   1.757873e+09       NaN         NaN  ...              0          0              0
1   1.757873e+09       NaN         NaN  ...              0          0              0
2   1.757873e+09       NaN         NaN  ...              0          0              0
3   1.757873e+09       NaN         NaN  ...              0          0              0
4   1.757873e+09       NaN         NaN  ...              0          0              0
5   1.757873e+09       NaN         NaN  ...              0          0              0
6   1.757873e+09       NaN         NaN  ...              0          0              0
7   1.757873e+09       NaN         NaN  ...              0          0              0
8   1.757873e+09       NaN         NaN  ...              0          0              0
9   1.757873e+09       NaN         NaN  ...              0          0              0
10  1.757873e+09       NaN         NaN  ...              0          0              0
11  1.757873e+09       NaN         NaN  ...              0          0              0
12  1.757873e+09       NaN         NaN  ...              0          0              0
13  1.757873e+09       NaN         NaN  ...              0          0              0
14  1.757873e+09       NaN         NaN  ...              0          0              0

[15 rows x 8 columns]
                ts  duration  ...  resp_pkts  resp_ip_bytes
ts             1.0       NaN  ...        NaN            NaN
duration       NaN       NaN  ...        NaN            NaN
orig_bytes     NaN       NaN  ...        NaN            NaN
resp_bytes     NaN       NaN  ...        NaN            NaN
orig_pkts      NaN       NaN  ...        NaN            NaN
orig_ip_bytes  NaN       NaN  ...        NaN            NaN
resp_pkts      NaN       NaN  ...        NaN            NaN
resp_ip_bytes  NaN       NaN  ...        NaN            NaN

[8 rows x 8 columns]
****************************************************************************************************

****************************************************************************************************
../benign_1_min/NGINX Pod/csv files/NGINX_conn.csv
               ts  duration  ...  resp_pkts  resp_ip_bytes
0    1.757873e+09       NaN  ...          0              0
1    1.757873e+09  0.000006  ...          1             40
2    1.757873e+09       NaN  ...          0              0
3    1.757873e+09  0.000003  ...          1             40
4    1.757873e+09       NaN  ...          0              0
..            ...       ...  ...        ...            ...
287  1.757873e+09       NaN  ...          0              0
288  1.757873e+09  0.000008  ...          1             40
289  1.757873e+09       NaN  ...          0              0
290  1.757873e+09       NaN  ...          0              0
291  1.757873e+09       NaN  ...          0              0

[292 rows x 8 columns]
                     ts  duration  ...  resp_pkts  resp_ip_bytes
ts             1.000000 -0.209832  ...  -0.079949      -0.069102
duration      -0.209832  1.000000  ...   0.678706       0.586273
orig_bytes    -0.209955  0.999951  ...   0.672137       0.579854
resp_bytes    -0.123565  0.504627  ...   0.771393       0.977805
orig_pkts     -0.137368  0.999991  ...   0.665422       0.559590
orig_ip_bytes -0.136523  0.993784  ...   0.584902       0.490434
resp_pkts     -0.079949  0.678706  ...   1.000000       0.898185
resp_ip_bytes -0.069102  0.586273  ...   0.898185       1.000000

[8 rows x 8 columns]
****************************************************************************************************

****************************************************************************************************
../benign_1_min/NGINX Pod/csv files/NGINX_dns.csv
              ts  rtt  qtype  qtype_name  rcode
0   1.757873e+09  NaN    NaN         NaN      0
1   1.757873e+09  NaN    NaN         NaN      3
2   1.757873e+09  NaN    NaN         NaN      3
3   1.757873e+09  NaN    NaN         NaN      0
4   1.757873e+09  NaN    NaN         NaN      3
..           ...  ...    ...         ...    ...
71  1.757873e+09  NaN    NaN         NaN      3
72  1.757873e+09  NaN    NaN         NaN      3
73  1.757873e+09  NaN    NaN         NaN      0
74  1.757873e+09  NaN    NaN         NaN      3
75  1.757873e+09  NaN    NaN         NaN      0

[76 rows x 5 columns]
                  ts  rtt  qtype  qtype_name     rcode
ts          1.000000  NaN    NaN         NaN  0.009381
rtt              NaN  NaN    NaN         NaN       NaN
qtype            NaN  NaN    NaN         NaN       NaN
qtype_name       NaN  NaN    NaN         NaN       NaN
rcode       0.009381  NaN    NaN         NaN  1.000000
****************************************************************************************************

